PhantomJS is launching GhostDriver...
[INFO  - 2015-08-01T10:37:51.256Z] GhostDriver - Main - running on port 50397
[INFO  - 2015-08-01T10:37:51.501Z] Session [5c24e000-3839-11e5-a463-0d4a9830773d] - page.settings - {"XSSAuditingEnabled":false,"javascriptCanCloseWindows":true,"javascriptCanOpenWindows":true,"javascriptEnabled":true,"loadImages":true,"localToRemoteUrlAccessEnabled":false,"userAgent":"Mozilla/5.0 (Windows NT 6.2; WOW64) AppleWebKit/534.34 (KHTML, like Gecko) PhantomJS/1.9.8 Safari/534.34","webSecurityEnabled":true}
[INFO  - 2015-08-01T10:37:51.501Z] Session [5c24e000-3839-11e5-a463-0d4a9830773d] - page.customHeaders:  - {}
[INFO  - 2015-08-01T10:37:51.501Z] Session [5c24e000-3839-11e5-a463-0d4a9830773d] - Session.negotiatedCapabilities - {"browserName":"phantomjs","version":"1.9.8","driverName":"ghostdriver","driverVersion":"1.1.0","platform":"windows-8-32bit","javascriptEnabled":true,"takesScreenshot":true,"handlesAlerts":false,"databaseEnabled":false,"locationContextEnabled":false,"applicationCacheEnabled":false,"browserConnectionEnabled":false,"cssSelectorsEnabled":true,"webStorageEnabled":false,"rotatable":false,"acceptSslCerts":false,"nativeEvents":true,"proxy":{"proxyType":"direct"}}
[INFO  - 2015-08-01T10:37:51.502Z] SessionManagerReqHand - _postNewSessionCommand - New Session Created: 5c24e000-3839-11e5-a463-0d4a9830773d
[ERROR - 2015-08-01T10:38:23.623Z] Session [5c24e000-3839-11e5-a463-0d4a9830773d] - page.onError - msg: TypeError: 'null' is not an object (evaluating 'document.body.appendChild')
[ERROR - 2015-08-01T10:38:23.623Z] Session [5c24e000-3839-11e5-a463-0d4a9830773d] - page.onError - stack:
  (anonymous function) (http://www.ashford.gov.uk/js/modernizr.custom.23683.js:5)
  (anonymous function) (http://www.ashford.gov.uk/js/modernizr.custom.23683.js:4)
  (anonymous function) (http://www.ashford.gov.uk/js/modernizr.custom.23683.js:5)
[ERROR - 2015-08-01T10:39:03.781Z] Session [5c24e000-3839-11e5-a463-0d4a9830773d] - page.onError - msg: SyntaxError: Parse error
[ERROR - 2015-08-01T10:39:03.781Z] Session [5c24e000-3839-11e5-a463-0d4a9830773d] - page.onError - stack:

[ERROR - 2015-08-01T10:39:08.296Z] Session [5c24e000-3839-11e5-a463-0d4a9830773d] - page.onError - msg: SyntaxError: Parse error
[ERROR - 2015-08-01T10:39:08.296Z] Session [5c24e000-3839-11e5-a463-0d4a9830773d] - page.onError - stack:

[ERROR - 2015-08-01T10:40:02.508Z] Session [5c24e000-3839-11e5-a463-0d4a9830773d] - page.onError - msg: TypeError: 'undefined' is not an object (evaluating 'breadcrumbURL.length')
[ERROR - 2015-08-01T10:40:02.508Z] Session [5c24e000-3839-11e5-a463-0d4a9830773d] - page.onError - stack:
  showSection (http://www.broadland.gov.uk/jscripts/global.js:71)
[ERROR - 2015-08-01T10:40:05.072Z] Session [5c24e000-3839-11e5-a463-0d4a9830773d] - page.onError - msg: SyntaxError: Parse error
[ERROR - 2015-08-01T10:40:05.072Z] Session [5c24e000-3839-11e5-a463-0d4a9830773d] - page.onError - stack:

[ERROR - 2015-08-01T10:40:07.525Z] Session [5c24e000-3839-11e5-a463-0d4a9830773d] - page.onError - msg: TypeError: 'null' is not an object (evaluating 'document.id('status').set')
[ERROR - 2015-08-01T10:40:07.525Z] Session [5c24e000-3839-11e5-a463-0d4a9830773d] - page.onError - stack:
  (anonymous function) (http://www.broxtowe.gov.uk/javascript/MooTools/atozload.js:2)
  (anonymous function) (http://www.broxtowe.gov.uk/javascript/MooTools/mootools.js:575)
  (anonymous function) (http://www.broxtowe.gov.uk/javascript/MooTools/mootools.js:580)
  (anonymous function) (http://www.broxtowe.gov.uk/javascript/MooTools/mootools.js:2457)
[ERROR - 2015-08-01T10:40:11.670Z] Session [5c24e000-3839-11e5-a463-0d4a9830773d] - page.onError - msg: SyntaxError: Parse error
[ERROR - 2015-08-01T10:40:11.670Z] Session [5c24e000-3839-11e5-a463-0d4a9830773d] - page.onError - stack:

[ERROR - 2015-08-01T10:40:11.686Z] Session [5c24e000-3839-11e5-a463-0d4a9830773d] - page.onError - msg: TypeError: 'undefined' is not a function (evaluating '$('#bookItButt')')
[ERROR - 2015-08-01T10:40:11.686Z] Session [5c24e000-3839-11e5-a463-0d4a9830773d] - page.onError - stack:
  (anonymous function) (http://www.burnley.gov.uk/:237)
[ERROR - 2015-08-01T10:40:23.607Z] Session [5c24e000-3839-11e5-a463-0d4a9830773d] - page.onError - msg: RangeError: Maximum call stack size exceeded.
[ERROR - 2015-08-01T10:40:23.607Z] Session [5c24e000-3839-11e5-a463-0d4a9830773d] - page.onError - stack:
  (anonymous function) (phantomjs://bootstrap.js:56)
[ERROR - 2015-08-01T10:40:36.539Z] Session [5c24e000-3839-11e5-a463-0d4a9830773d] - page.onError - msg: SyntaxError: Parse error
[ERROR - 2015-08-01T10:40:36.539Z] Session [5c24e000-3839-11e5-a463-0d4a9830773d] - page.onError - stack:

[ERROR - 2015-08-01T10:40:59.194Z] Session [5c24e000-3839-11e5-a463-0d4a9830773d] - page.onError - msg: TypeError: 'undefined' is not a function (near '...()})}(window.jQuery)...')
[ERROR - 2015-08-01T10:40:59.194Z] Session [5c24e000-3839-11e5-a463-0d4a9830773d] - page.onError - stack:
  (anonymous function) (http://www.cheshireeast.gov.uk/SiteElements/js/bootstrap.min.js?build=821713:11)
[ERROR - 2015-08-01T10:41:28.745Z] Session [5c24e000-3839-11e5-a463-0d4a9830773d] - page.onError - msg: TypeError: 'null' is not an object (evaluating 'document.getElementById('webchat-wrapper').innerHTML = '  '')
[ERROR - 2015-08-01T10:41:28.746Z] Session [5c24e000-3839-11e5-a463-0d4a9830773d] - page.onError - stack:
  (anonymous function) (https://westminstercore.logo-net.co.uk/Delivery/TBURT.php?SDTID=156&PURL=https://www.westminster.gov.uk/&CMS=1438425687217:1)
[ERROR - 2015-08-01T10:41:35.659Z] Session [5c24e000-3839-11e5-a463-0d4a9830773d] - page.onError - msg: TypeError: 'null' is not an object (evaluating 'document.body.appendChild')
[ERROR - 2015-08-01T10:41:35.659Z] Session [5c24e000-3839-11e5-a463-0d4a9830773d] - page.onError - stack:
  getCrossDomainSession (http://cdn.loop11.com/my/loop11.js:1)
  init (http://cdn.loop11.com/my/loop11.js:1)
  (anonymous function) (http://cdn.loop11.com/my/loop11.js:1)
[ERROR - 2015-08-01T10:42:36.396Z] Session [5c24e000-3839-11e5-a463-0d4a9830773d] - page.onError - msg: TypeError: 'undefined' is not a function (evaluating 'function (e) {
        this.reflow();
      }.bind(this)')
[ERROR - 2015-08-01T10:42:36.396Z] Session [5c24e000-3839-11e5-a463-0d4a9830773d] - page.onError - stack:
  (anonymous function) (https://new.devon.gov.uk/wp-content/themes/dcc-parent-foundation/foundation-core/js/foundation.min.js:1068)
  (anonymous function) (https://new.devon.gov.uk/wp-content/themes/dcc-parent-foundation/foundation-core/js/foundation.min.js:115)
  (anonymous function) (https://new.devon.gov.uk/wp-content/cache/minify/000001/2e7b9/default.include.9cf497.js:2)
  (anonymous function) (https://new.devon.gov.uk/wp-content/cache/minify/000001/2e7b9/default.include.9cf497.js:2)
  (anonymous function) (https://new.devon.gov.uk/wp-content/themes/dcc-parent-foundation/foundation-core/js/foundation.min.js:122)
  (anonymous function) (https://new.devon.gov.uk/wp-content/themes/dcc-parent-foundation/foundation-core/js/foundation.min.js:1061)
  (anonymous function) (https://new.devon.gov.uk/wp-content/themes/dcc-parent-foundation/foundation-core/js/foundation.min.js:357)
  (anonymous function) (https://new.devon.gov.uk/wp-content/themes/dcc-parent-foundation/foundation-core/js/foundation.min.js:324)
  (anonymous function) (https://new.devon.gov.uk/wp-content/themes/dcc-parent-foundation/foundation-core/js/foundation.min.js:698)
  (anonymous function) (https://new.devon.gov.uk/wp-content/cache/minify/000001/2e7b9/default.include.9cf497.js:2)
  (anonymous function) (https://new.devon.gov.uk/wp-content/cache/minify/000001/2e7b9/default.include.9cf497.js:2)
  (anonymous function) (https://new.devon.gov.uk/wp-content/themes/dcc-parent-foundation/foundation-core/js/foundation.min.js:700)
  (anonymous function) (https://new.devon.gov.uk/:2)
  (anonymous function) (https://new.devon.gov.uk/wp-content/cache/minify/000001/2e7b9/default.include.9cf497.js:2)
  (anonymous function) (https://new.devon.gov.uk/wp-content/cache/minify/000001/2e7b9/default.include.9cf497.js:2)
  (anonymous function) (https://new.devon.gov.uk/wp-content/cache/minify/000001/2e7b9/default.include.9cf497.js:2)
  J (https://new.devon.gov.uk/wp-content/cache/minify/000001/2e7b9/default.include.9cf497.js:2)
[ERROR - 2015-08-01T10:42:50.502Z] Session [5c24e000-3839-11e5-a463-0d4a9830773d] - page.onError - msg: TypeError: 'undefined' is not a function (evaluating 'e.slice(1)')
[ERROR - 2015-08-01T10:42:50.503Z] Session [5c24e000-3839-11e5-a463-0d4a9830773d] - page.onError - stack:
  (anonymous function) (http://s7.addthis.com/js/250/addthis_widget.js?pub=xa-4a81795f173f0627:1)
  (anonymous function) (http://s7.addthis.com/js/250/addthis_widget.js?pub=xa-4a81795f173f0627:1)
  (anonymous function) (http://s7.addthis.com/static/layers.663aed724c9cba54c1b3.js:12)
[INFO  - 2015-08-01T10:42:51.255Z] SessionManagerReqHand - _cleanupWindowlessSessions - Asynchronous Sessions clean-up phase starting NOW
[ERROR - 2015-08-01T10:43:42.926Z] Session [5c24e000-3839-11e5-a463-0d4a9830773d] - page.onError - msg: ReferenceError: Can't find variable: addOnLoadEvent
[ERROR - 2015-08-01T10:43:42.926Z] Session [5c24e000-3839-11e5-a463-0d4a9830773d] - page.onError - stack:
  (anonymous function) (http://www2.eastriding.gov.uk/:50)
[ERROR - 2015-08-01T10:43:42.985Z] Session [5c24e000-3839-11e5-a463-0d4a9830773d] - page.onError - msg: ReferenceError: Can't find variable: addOnLoadEvent
[ERROR - 2015-08-01T10:43:42.985Z] Session [5c24e000-3839-11e5-a463-0d4a9830773d] - page.onError - stack:
  (anonymous function) (http://www2.eastriding.gov.uk/EasySiteWeb/EasySite/SupportFiles/RenderEngine_SetScrollPos.js:16)
[ERROR - 2015-08-01T10:44:47.269Z] Session [5c24e000-3839-11e5-a463-0d4a9830773d] - page.onError - msg: ReferenceError: Can't find variable: jQuery
[ERROR - 2015-08-01T10:44:47.269Z] Session [5c24e000-3839-11e5-a463-0d4a9830773d] - page.onError - stack:
  (anonymous function) (http://www.fareham.gov.uk/control/js/jquery.fbc.home.js:84)
[ERROR - 2015-08-01T10:45:19.392Z] Session [5c24e000-3839-11e5-a463-0d4a9830773d] - page.onError - msg: TypeError: 'null' is not an object (evaluating 'document.getElementById('livechat').innerHTML = '  '')
[ERROR - 2015-08-01T10:45:19.392Z] Session [5c24e000-3839-11e5-a463-0d4a9830773d] - page.onError - stack:
  (anonymous function) (http://greatyarmouth.logo-net.co.uk/Delivery/TBURT.php?SDTID=229&PURL=http://www.great-yarmouth.gov.uk/&CMS=1438425919250:1)
[ERROR - 2015-08-01T10:45:33.816Z] Session [5c24e000-3839-11e5-a463-0d4a9830773d] - page.onError - msg: TypeError: 'undefined' is not an object (evaluating 'window.parent.document.location')
[ERROR - 2015-08-01T10:45:33.816Z] Session [5c24e000-3839-11e5-a463-0d4a9830773d] - page.onError - stack:
  (anonymous function) (http://bincollections.cms-dev.firmstep.com/apps/bincollections/js/bincollections.js:50)
  (anonymous function) (http://ajax.googleapis.com/ajax/libs/jquery/1.11.1/jquery.min.js:2)
  (anonymous function) (http://ajax.googleapis.com/ajax/libs/jquery/1.11.1/jquery.min.js:2)
  (anonymous function) (http://ajax.googleapis.com/ajax/libs/jquery/1.11.1/jquery.min.js:2)
  J (http://ajax.googleapis.com/ajax/libs/jquery/1.11.1/jquery.min.js:2)
[ERROR - 2015-08-01T10:46:23.526Z] Session [5c24e000-3839-11e5-a463-0d4a9830773d] - page.onError - msg: TypeError: 'undefined' is not a function (evaluating 'window.addEvent')
[ERROR - 2015-08-01T10:46:23.526Z] Session [5c24e000-3839-11e5-a463-0d4a9830773d] - page.onError - stack:
  (anonymous function) (http://www.west-norfolk.gov.uk/:63)
[ERROR - 2015-08-01T10:46:48.240Z] Session [5c24e000-3839-11e5-a463-0d4a9830773d] - page.onError - msg: SyntaxError: Parse error
[ERROR - 2015-08-01T10:46:48.240Z] Session [5c24e000-3839-11e5-a463-0d4a9830773d] - page.onError - stack:

[ERROR - 2015-08-01T10:46:48.240Z] Session [5c24e000-3839-11e5-a463-0d4a9830773d] - page.onError - msg: SyntaxError: Parse error
[ERROR - 2015-08-01T10:46:48.240Z] Session [5c24e000-3839-11e5-a463-0d4a9830773d] - page.onError - stack:

[ERROR - 2015-08-01T10:46:48.246Z] Session [5c24e000-3839-11e5-a463-0d4a9830773d] - page.onError - msg: SyntaxError: Parse error
[ERROR - 2015-08-01T10:46:48.246Z] Session [5c24e000-3839-11e5-a463-0d4a9830773d] - page.onError - stack:

[ERROR - 2015-08-01T10:46:51.685Z] Session [5c24e000-3839-11e5-a463-0d4a9830773d] - page.onError - msg: ReferenceError: Can't find variable: config5
[ERROR - 2015-08-01T10:46:51.685Z] Session [5c24e000-3839-11e5-a463-0d4a9830773d] - page.onError - stack:
  (anonymous function) (http://www.lewes.gov.uk/js/twitterScript.js:108)
[ERROR - 2015-08-01T10:47:06.513Z] Session [5c24e000-3839-11e5-a463-0d4a9830773d] - page.onError - msg: ReferenceError: Can't find variable: ns_08
[ERROR - 2015-08-01T10:47:06.513Z] Session [5c24e000-3839-11e5-a463-0d4a9830773d] - page.onError - stack:
  ns_10 (http://www.lincolnshire.gov.uk/Javascript/sitestat.js:9)
  ns_25 (http://www.lincolnshire.gov.uk/Javascript/sitestat.js:15)
  (anonymous function) (http://www.lincolnshire.gov.uk/Javascript/sitestat.js:16)
[INFO  - 2015-08-01T10:47:51.296Z] SessionManagerReqHand - _cleanupWindowlessSessions - Asynchronous Sessions clean-up phase starting NOW
[ERROR - 2015-08-01T10:48:11.999Z] Session [5c24e000-3839-11e5-a463-0d4a9830773d] - page.onError - msg: ReferenceError: Can't find variable: jQueryCollapse
[ERROR - 2015-08-01T10:48:11.999Z] Session [5c24e000-3839-11e5-a463-0d4a9830773d] - page.onError - stack:
  (anonymous function) (http://www.lambeth.gov.uk/sites/all/themes/lambeth/js/script.js?nruazf:32)
  (anonymous function) (http://www.lambeth.gov.uk/sites/all/themes/lambeth/js/script.js?nruazf:40)
[ERROR - 2015-08-01T10:48:15.215Z] Session [5c24e000-3839-11e5-a463-0d4a9830773d] - page.onError - msg: ReferenceError: Can't find variable: jQuery
[ERROR - 2015-08-01T10:48:15.215Z] Session [5c24e000-3839-11e5-a463-0d4a9830773d] - page.onError - stack:
  (anonymous function) (http://www.merton.gov.uk/toplink.js:1)
[ERROR - 2015-08-01T10:48:23.806Z] Session [5c24e000-3839-11e5-a463-0d4a9830773d] - page.onError - msg: ReferenceError: Can't find variable: jQuery
[ERROR - 2015-08-01T10:48:23.806Z] Session [5c24e000-3839-11e5-a463-0d4a9830773d] - page.onError - stack:
  (anonymous function) (http://www.southwark.gov.uk/:4)
[ERROR - 2015-08-01T10:48:23.993Z] Session [5c24e000-3839-11e5-a463-0d4a9830773d] - page.onError - msg: ReferenceError: Can't find variable: cookieID
[ERROR - 2015-08-01T10:48:23.993Z] Session [5c24e000-3839-11e5-a463-0d4a9830773d] - page.onError - stack:
  writeAvailableWidgetCookie (http://www.southwark.gov.uk/widgets/js/widget.js?1416336532:229)
  (anonymous function) (http://www.southwark.gov.uk/widgets/js/widget.js?1416336532:321)
[ERROR - 2015-08-01T10:49:12.139Z] Session [5c24e000-3839-11e5-a463-0d4a9830773d] - page.onError - msg: [object Object]
[ERROR - 2015-08-01T10:49:12.139Z] Session [5c24e000-3839-11e5-a463-0d4a9830773d] - page.onError - stack:
  (anonymous function) (http://www.midsussex.gov.uk/js/vendor/postscribe.js:6)
  i (http://www.midsussex.gov.uk/js/vendor/postscribe.js:6)
  (anonymous function) (http://www.midsussex.gov.uk/js/vendor/postscribe.js:6)
[ERROR - 2015-08-01T10:49:12.139Z] Session [5c24e000-3839-11e5-a463-0d4a9830773d] - page.onError - msg: [object Object]
[ERROR - 2015-08-01T10:49:12.139Z] Session [5c24e000-3839-11e5-a463-0d4a9830773d] - page.onError - stack:
  (anonymous function) (http://www.midsussex.gov.uk/js/vendor/postscribe.js:6)
  (anonymous function) (http://www.midsussex.gov.uk/js/vendor/postscribe.js:6)
[ERROR - 2015-08-01T10:49:23.168Z] Session [5c24e000-3839-11e5-a463-0d4a9830773d] - page.onError - msg: ReferenceError: Can't find variable: twinColumn_norm
[ERROR - 2015-08-01T10:49:23.168Z] Session [5c24e000-3839-11e5-a463-0d4a9830773d] - page.onError - stack:
  (anonymous function) (http://www.moray.gov.uk/js/bottom.js:68)
[ERROR - 2015-08-01T10:49:31.146Z] Session [5c24e000-3839-11e5-a463-0d4a9830773d] - page.onError - msg: TypeError: 'undefined' is not a function (evaluating 'xmlDoc.load(file)')
[ERROR - 2015-08-01T10:49:31.146Z] Session [5c24e000-3839-11e5-a463-0d4a9830773d] - page.onError - stack:
  importXML (http://www.newcastle-staffs.gov.uk/:288)
  (anonymous function) (http://www.newcastle-staffs.gov.uk/:291)
[ERROR - 2015-08-01T10:49:34.759Z] Session [5c24e000-3839-11e5-a463-0d4a9830773d] - page.onError - msg: ReferenceError: Can't find variable: $
[ERROR - 2015-08-01T10:49:34.759Z] Session [5c24e000-3839-11e5-a463-0d4a9830773d] - page.onError - stack:
  (anonymous function) (http://www.newforest.gov.uk/themes/toptasks/scripts/javascripts.js:1)
[ERROR - 2015-08-01T10:49:34.868Z] Session [5c24e000-3839-11e5-a463-0d4a9830773d] - page.onError - msg: TypeError: 'null' is not an object (evaluating 'b.replace')
[ERROR - 2015-08-01T10:49:34.868Z] Session [5c24e000-3839-11e5-a463-0d4a9830773d] - page.onError - stack:
  (anonymous function) (http://www.newforest.gov.uk/rsc-min/themes/toptasks/template/home/scripts/heropanel.js:1)
  (anonymous function) (http://www.newforest.gov.uk/rsc-min/themes/toptasks/template/home/scripts/heropanel.js:1)
  (anonymous function) (http://www.newforest.gov.uk/rsc-min/themes/toptasks/template/home/scripts/heropanel.js:1)
  (anonymous function) (http://www.newforest.gov.uk/rsc-min/themes/toptasks/template/home/scripts/heropanel.js:1)
  (anonymous function) (http://www.newforest.gov.uk/article/15728/Council-Services:700)
[ERROR - 2015-08-01T10:49:36.390Z] Session [5c24e000-3839-11e5-a463-0d4a9830773d] - page.onError - msg: ReferenceError: Can't find variable: pageLoaded
[ERROR - 2015-08-01T10:49:36.390Z] Session [5c24e000-3839-11e5-a463-0d4a9830773d] - page.onError - stack:
  onload (http://www.newforest.gov.uk/article/15728/Council-Services:65)
  (anonymous function) (http://s7.addthis.com/js/250/addthis_widget.js:6)
[ERROR - 2015-08-01T10:49:49.242Z] Session [5c24e000-3839-11e5-a463-0d4a9830773d] - page.onError - msg: SyntaxError: Parse error
[ERROR - 2015-08-01T10:49:49.242Z] Session [5c24e000-3839-11e5-a463-0d4a9830773d] - page.onError - stack:

[ERROR - 2015-08-01T10:50:03.264Z] Session [5c24e000-3839-11e5-a463-0d4a9830773d] - page.onError - msg: ReferenceError: Can't find variable: $
[ERROR - 2015-08-01T10:50:03.264Z] Session [5c24e000-3839-11e5-a463-0d4a9830773d] - page.onError - stack:
  (anonymous function) (http://www.ne-derbyshire.gov.uk/:116)
[ERROR - 2015-08-01T10:50:05.311Z] Session [5c24e000-3839-11e5-a463-0d4a9830773d] - page.onError - msg: SyntaxError: Parse error
[ERROR - 2015-08-01T10:50:05.311Z] Session [5c24e000-3839-11e5-a463-0d4a9830773d] - page.onError - stack:

[ERROR - 2015-08-01T10:50:41.384Z] Session [5c24e000-3839-11e5-a463-0d4a9830773d] - page.onError - msg: TypeError: 'undefined' is not a function (evaluating 'function(a){return a=a.split("="),this[a[0]]=a[1],this}.bind({})')
[ERROR - 2015-08-01T10:50:41.384Z] Session [5c24e000-3839-11e5-a463-0d4a9830773d] - page.onError - stack:
  (anonymous function) (http://a.optinmonster.com/app/js/api.min.js:3)
  (anonymous function) (http://a.optinmonster.com/app/js/api.min.js:3)
  (anonymous function) (http://a.optinmonster.com/app/js/api.min.js:1)
  (anonymous function) (http://a.optinmonster.com/app/js/api.min.js:1)
  (anonymous function) (http://ajax.googleapis.com/ajax/libs/jquery/1.11.3/jquery.min.js:2)
  (anonymous function) (http://ajax.googleapis.com/ajax/libs/jquery/1.11.3/jquery.min.js:2)
  x (http://ajax.googleapis.com/ajax/libs/jquery/1.11.3/jquery.min.js:5)
  (anonymous function) (http://ajax.googleapis.com/ajax/libs/jquery/1.11.3/jquery.min.js:5)
[ERROR - 2015-08-01T10:50:52.778Z] Session [5c24e000-3839-11e5-a463-0d4a9830773d] - page.onError - msg: ReferenceError: Can't find variable: $
[ERROR - 2015-08-01T10:50:52.778Z] Session [5c24e000-3839-11e5-a463-0d4a9830773d] - page.onError - stack:
  (anonymous function) (http://www.orkney.gov.uk/:23)
[ERROR - 2015-08-01T10:51:22.579Z] Session [5c24e000-3839-11e5-a463-0d4a9830773d] - page.onError - msg: TypeError: 'null' is not an object (evaluating 'document.getElementById('skip_content').setAttribute')
[ERROR - 2015-08-01T10:51:22.579Z] Session [5c24e000-3839-11e5-a463-0d4a9830773d] - page.onError - stack:
  (anonymous function) (http://www.preston.gov.uk/:532)
[ERROR - 2015-08-01T10:51:47.343Z] Session [5c24e000-3839-11e5-a463-0d4a9830773d] - page.onError - msg: SyntaxError: Parse error
[ERROR - 2015-08-01T10:51:47.343Z] Session [5c24e000-3839-11e5-a463-0d4a9830773d] - page.onError - stack:

[ERROR - 2015-08-01T10:52:02.088Z] Session [5c24e000-3839-11e5-a463-0d4a9830773d] - page.onError - msg: TypeError: 'undefined' is not an object (evaluating 'document.forms[0].__VIEWSTATE.value')
[ERROR - 2015-08-01T10:52:02.088Z] Session [5c24e000-3839-11e5-a463-0d4a9830773d] - page.onError - stack:
  DisplaySearchBox (http://www.rochdale.gov.uk/js/common.js:73)
  (anonymous function) (http://www.rochdale.gov.uk/templates/default/js/DisplaySearchBox.js:3)
[ERROR - 2015-08-01T10:52:02.101Z] Session [5c24e000-3839-11e5-a463-0d4a9830773d] - page.onError - msg: TypeError: 'null' is not an object (evaluating 'this._form.onsubmit')
[ERROR - 2015-08-01T10:52:02.102Z] Session [5c24e000-3839-11e5-a463-0d4a9830773d] - page.onError - stack:
  (anonymous function) (http://www.rochdale.gov.uk/ScriptResource.axd?d=l1FuKz7D_xbDuRGbvt0t_p_5h_w9D59Ut3uyrJrTCJ1ElduGIZ8p_dNSEuEyah50g-FJa2vp2dKdZ4zU5IfoizC5HQLglzGQgBQqQuMWyhBMwKPw4Wcz8POKXhCYrTZLk4iNwgkX7sRVgf4FSIaZV8myjmxqPJCTNxHQKr7AyIv9bUkS0&t=2e2045e2:5)
  (anonymous function) (http://www.rochdale.gov.uk/ScriptResource.axd?d=l1FuKz7D_xbDuRGbvt0t_p_5h_w9D59Ut3uyrJrTCJ1ElduGIZ8p_dNSEuEyah50g-FJa2vp2dKdZ4zU5IfoizC5HQLglzGQgBQqQuMWyhBMwKPw4Wcz8POKXhCYrTZLk4iNwgkX7sRVgf4FSIaZV8myjmxqPJCTNxHQKr7AyIv9bUkS0&t=2e2045e2:5)
  (anonymous function) (http://www.rochdale.gov.uk/:201)
[ERROR - 2015-08-01T10:52:12.302Z] Session [5c24e000-3839-11e5-a463-0d4a9830773d] - page.onError - msg: SyntaxError: Parse error
[ERROR - 2015-08-01T10:52:12.302Z] Session [5c24e000-3839-11e5-a463-0d4a9830773d] - page.onError - stack:

[ERROR - 2015-08-01T10:52:33.544Z] Session [5c24e000-3839-11e5-a463-0d4a9830773d] - page.onError - msg: ReferenceError: Can't find variable: google
[ERROR - 2015-08-01T10:52:33.544Z] Session [5c24e000-3839-11e5-a463-0d4a9830773d] - page.onError - stack:
  initialize (http://www.sandwell.gov.uk/widgets/js/widget.js?1417435243:75)
  (anonymous function) (http://cdn.mxpnl.com/libs/mixpanel-2-latest.min.js:23)
[INFO  - 2015-08-01T10:52:51.296Z] SessionManagerReqHand - _cleanupWindowlessSessions - Asynchronous Sessions clean-up phase starting NOW
[ERROR - 2015-08-01T10:52:52.793Z] Session [5c24e000-3839-11e5-a463-0d4a9830773d] - page.onError - msg: TypeError: 'undefined' is not a function (evaluating '$('select#speedA').selectmenu({style:'popup'})')
[ERROR - 2015-08-01T10:52:52.794Z] Session [5c24e000-3839-11e5-a463-0d4a9830773d] - page.onError - stack:
  (anonymous function) (http://www.shetland.gov.uk/:71)
  (anonymous function) (http://www.shetland.gov.uk/scripts/jquery.js:29)
  (anonymous function) (http://www.shetland.gov.uk/scripts/jquery.js:37)
[ERROR - 2015-08-01T10:53:06.808Z] Session [5c24e000-3839-11e5-a463-0d4a9830773d] - page.onError - msg: ReferenceError: Can't find variable: requestAnimationFrame
[ERROR - 2015-08-01T10:53:06.808Z] Session [5c24e000-3839-11e5-a463-0d4a9830773d] - page.onError - stack:
  (anonymous function) (http://www.south-ayrshire.gov.uk/:619)
[ERROR - 2015-08-01T10:53:18.307Z] Session [5c24e000-3839-11e5-a463-0d4a9830773d] - page.onError - msg: ReferenceError: Can't find variable: $
[ERROR - 2015-08-01T10:53:18.308Z] Session [5c24e000-3839-11e5-a463-0d4a9830773d] - page.onError - stack:
  (anonymous function) (http://www.south-derbys.gov.uk/Common/js/functions.js:379)
[ERROR - 2015-08-01T10:53:56.379Z] Session [5c24e000-3839-11e5-a463-0d4a9830773d] - page.onError - msg: ReferenceError: Can't find variable: SouthTynesideCouncil
[ERROR - 2015-08-01T10:53:56.379Z] Session [5c24e000-3839-11e5-a463-0d4a9830773d] - page.onError - stack:
  (anonymous function) (http://www.southtyneside.gov.uk/southtyneside/scripts/tabs/1-0-1/scripts/tabs.js:26)
[ERROR - 2015-08-01T10:53:56.379Z] Session [5c24e000-3839-11e5-a463-0d4a9830773d] - page.onError - msg: ReferenceError: Can't find variable: SouthTynesideCouncil
[ERROR - 2015-08-01T10:53:56.379Z] Session [5c24e000-3839-11e5-a463-0d4a9830773d] - page.onError - stack:
  (anonymous function) (http://www.southtyneside.gov.uk/southtyneside/scripts/carousel/3-0-3/scripts/carousel.js:27)
[ERROR - 2015-08-01T10:54:10.406Z] Session [5c24e000-3839-11e5-a463-0d4a9830773d] - page.onError - msg: ReferenceError: Can't find variable: SyntaxHighlighter
[ERROR - 2015-08-01T10:54:10.406Z] Session [5c24e000-3839-11e5-a463-0d4a9830773d] - page.onError - stack:
  (anonymous function) (http://www.stalbans.gov.uk/:887)
  (anonymous function) (http://ajax.googleapis.com/ajax/libs/jquery/1.7.1/jquery.min.js:2)
  (anonymous function) (http://ajax.googleapis.com/ajax/libs/jquery/1.7.1/jquery.min.js:2)
  (anonymous function) (http://ajax.googleapis.com/ajax/libs/jquery/1.7.1/jquery.min.js:2)
  (anonymous function) (http://ajax.googleapis.com/ajax/libs/jquery/1.7.1/jquery.min.js:2)
[ERROR - 2015-08-01T10:54:36.661Z] Session [5c24e000-3839-11e5-a463-0d4a9830773d] - page.onError - msg: TypeError: 'undefined' is not a function (evaluating 'b[ub]()')
[ERROR - 2015-08-01T10:54:36.661Z] Session [5c24e000-3839-11e5-a463-0d4a9830773d] - page.onError - stack:
  c (:39)
  (anonymous function) (:40)
  (anonymous function) (http://maps.gstatic.com/maps-api-v3/api/js/21/8/intl/en_gb/main.js:57)
  kg (http://maps.gstatic.com/maps-api-v3/api/js/21/8/intl/en_gb/main.js:30)
  (anonymous function) (http://maps.gstatic.com/maps-api-v3/api/js/21/8/intl/en_gb/main.js:57)
  (anonymous function) (http://www.suffolk.gov.uk/themes/refresh/assets/js/combined.min.js:1)
  (anonymous function) (http://ajax.googleapis.com/ajax/libs/jquery/1.11.1/jquery.min.js:2)
  (anonymous function) (http://ajax.googleapis.com/ajax/libs/jquery/1.11.1/jquery.min.js:2)
  x (http://ajax.googleapis.com/ajax/libs/jquery/1.11.1/jquery.min.js:4)
  (anonymous function) (http://ajax.googleapis.com/ajax/libs/jquery/1.11.1/jquery.min.js:4)
[ERROR - 2015-08-01T10:54:54.479Z] Session [5c24e000-3839-11e5-a463-0d4a9830773d] - page.onError - msg: TypeError: 'undefined' is not a function (evaluating '('#nav li').hover')
[ERROR - 2015-08-01T10:54:54.479Z] Session [5c24e000-3839-11e5-a463-0d4a9830773d] - page.onError - stack:
  (anonymous function) (http://www.tamworth.gov.uk/sites/all/themes/professional_theme/js/custom.js?ns72zc:41)
  (anonymous function) (http://www.tamworth.gov.uk/sites/all/modules/jquery_update/replace/jquery/1.7/jquery.min.js?v=1.7.1:2)
  (anonymous function) (http://www.tamworth.gov.uk/sites/all/modules/jquery_update/replace/jquery/1.7/jquery.min.js?v=1.7.1:2)
  (anonymous function) (http://www.tamworth.gov.uk/sites/all/modules/jquery_update/replace/jquery/1.7/jquery.min.js?v=1.7.1:2)
  (anonymous function) (http://www.tamworth.gov.uk/sites/all/modules/jquery_update/replace/jquery/1.7/jquery.min.js?v=1.7.1:2)
[ERROR - 2015-08-01T10:55:35.040Z] Session [5c24e000-3839-11e5-a463-0d4a9830773d] - page.onError - msg: SyntaxError: Parse error
[ERROR - 2015-08-01T10:55:35.040Z] Session [5c24e000-3839-11e5-a463-0d4a9830773d] - page.onError - stack:

[ERROR - 2015-08-01T10:56:32.171Z] Session [5c24e000-3839-11e5-a463-0d4a9830773d] - page.onError - msg: TypeError: 'undefined' is not an object (evaluating 's[a]=e')
[ERROR - 2015-08-01T10:56:32.171Z] Session [5c24e000-3839-11e5-a463-0d4a9830773d] - page.onError - stack:
  (anonymous function) (http://platform.twitter.com/widgets.js:1)
  (anonymous function) (http://platform.twitter.com/widgets.js:3)
  r (http://platform.twitter.com/widgets.js:1)
  (anonymous function) (http://platform.twitter.com/widgets.js:1)
  (anonymous function) (http://platform.twitter.com/widgets.js:3)
  r (http://platform.twitter.com/widgets.js:1)
  (anonymous function) (http://platform.twitter.com/widgets.js:1)
  (anonymous function) (http://platform.twitter.com/widgets.js:1)
  r (http://platform.twitter.com/widgets.js:1)
  (anonymous function) (http://platform.twitter.com/widgets.js:1)
  (anonymous function) (http://platform.twitter.com/widgets.js:2)
  r (http://platform.twitter.com/widgets.js:1)
  (anonymous function) (http://platform.twitter.com/widgets.js:1)
  (anonymous function) (http://platform.twitter.com/widgets.js:4)
  (anonymous function) (http://platform.twitter.com/widgets.js:4)
  r (http://platform.twitter.com/widgets.js:1)
  e (http://platform.twitter.com/widgets.js:1)
  (anonymous function) (http://platform.twitter.com/widgets.js:4)
  (anonymous function) (http://platform.twitter.com/widgets.js:4)
[ERROR - 2015-08-01T10:57:31.201Z] Session [5c24e000-3839-11e5-a463-0d4a9830773d] - page.onError - msg: TypeError: 'null' is not an object (evaluating 'document.getElementById('webchat').innerHTML = '  '')
[ERROR - 2015-08-01T10:57:31.201Z] Session [5c24e000-3839-11e5-a463-0d4a9830773d] - page.onError - stack:
  (anonymous function) (http://www.wigan.gov.uk/index.aspx:401)
[INFO  - 2015-08-01T10:57:51.401Z] SessionManagerReqHand - _cleanupWindowlessSessions - Asynchronous Sessions clean-up phase starting NOW
[ERROR - 2015-08-01T10:57:52.931Z] Session [5c24e000-3839-11e5-a463-0d4a9830773d] - page.onError - msg: SyntaxError: Parse error
[ERROR - 2015-08-01T10:57:52.932Z] Session [5c24e000-3839-11e5-a463-0d4a9830773d] - page.onError - stack:

[ERROR - 2015-08-01T10:58:00.015Z] Session [5c24e000-3839-11e5-a463-0d4a9830773d] - page.onError - msg: TypeError: 'undefined' is not a function (evaluating 'element.dispatchEvent(event)')
[ERROR - 2015-08-01T10:58:00.015Z] Session [5c24e000-3839-11e5-a463-0d4a9830773d] - page.onError - stack:
  fireEvent_DOM (http://cdnjs.cloudflare.com/ajax/libs/prototype/1.7.2/prototype.js:7066)
  fire (http://cdnjs.cloudflare.com/ajax/libs/prototype/1.7.2/prototype.js:7055)
  (anonymous function) (http://cdnjs.cloudflare.com/ajax/libs/prototype/1.7.2/prototype.js:456)
  fireContentLoadedEvent (http://cdnjs.cloudflare.com/ajax/libs/prototype/1.7.2/prototype.js:7241)
